Determining if the pthread_create exist failed with the following output:
Change Dir: /home/pony/mitsuba/CMakeFiles/CMakeTmp

Run Build Command:/usr/bin/make "cmTryCompileExec3975763472/fast"
/usr/bin/make -f CMakeFiles/cmTryCompileExec3975763472.dir/build.make CMakeFiles/cmTryCompileExec3975763472.dir/build
make[1]: Entering directory `/home/pony/mitsuba/CMakeFiles/CMakeTmp'
/usr/bin/cmake -E cmake_progress_report /home/pony/mitsuba/CMakeFiles/CMakeTmp/CMakeFiles 1
Building C object CMakeFiles/cmTryCompileExec3975763472.dir/CheckSymbolExists.c.o
/usr/bin/cc    -o CMakeFiles/cmTryCompileExec3975763472.dir/CheckSymbolExists.c.o   -c /home/pony/mitsuba/CMakeFiles/CMakeTmp/CheckSymbolExists.c
Linking C executable cmTryCompileExec3975763472
/usr/bin/cmake -E cmake_link_script CMakeFiles/cmTryCompileExec3975763472.dir/link.txt --verbose=1
/usr/bin/cc       CMakeFiles/cmTryCompileExec3975763472.dir/CheckSymbolExists.c.o  -o cmTryCompileExec3975763472 -rdynamic 
CMakeFiles/cmTryCompileExec3975763472.dir/CheckSymbolExists.c.o: In function `main':
CheckSymbolExists.c:(.text+0x16): undefined reference to `pthread_create'
collect2: error: ld returned 1 exit status
make[1]: *** [cmTryCompileExec3975763472] Error 1
make[1]: Leaving directory `/home/pony/mitsuba/CMakeFiles/CMakeTmp'
make: *** [cmTryCompileExec3975763472/fast] Error 2

File /home/pony/mitsuba/CMakeFiles/CMakeTmp/CheckSymbolExists.c:
/* */
#include <pthread.h>

int main(int argc, char** argv)
{
  (void)argv;
#ifndef pthread_create
  return ((int*)(&pthread_create))[argc];
#else
  (void)argc;
  return 0;
#endif
}

Determining if the function pthread_create exists in the pthreads failed with the following output:
Change Dir: /home/pony/mitsuba/CMakeFiles/CMakeTmp

Run Build Command:/usr/bin/make "cmTryCompileExec3603267855/fast"
/usr/bin/make -f CMakeFiles/cmTryCompileExec3603267855.dir/build.make CMakeFiles/cmTryCompileExec3603267855.dir/build
make[1]: Entering directory `/home/pony/mitsuba/CMakeFiles/CMakeTmp'
/usr/bin/cmake -E cmake_progress_report /home/pony/mitsuba/CMakeFiles/CMakeTmp/CMakeFiles 1
Building C object CMakeFiles/cmTryCompileExec3603267855.dir/CheckFunctionExists.c.o
/usr/bin/cc   -DCHECK_FUNCTION_EXISTS=pthread_create   -o CMakeFiles/cmTryCompileExec3603267855.dir/CheckFunctionExists.c.o   -c /usr/share/cmake-2.8/Modules/CheckFunctionExists.c
Linking C executable cmTryCompileExec3603267855
/usr/bin/cmake -E cmake_link_script CMakeFiles/cmTryCompileExec3603267855.dir/link.txt --verbose=1
/usr/bin/cc   -DCHECK_FUNCTION_EXISTS=pthread_create    CMakeFiles/cmTryCompileExec3603267855.dir/CheckFunctionExists.c.o  -o cmTryCompileExec3603267855 -rdynamic -lpthreads 
/usr/bin/ld: cannot find -lpthreads
collect2: error: ld returned 1 exit status
make[1]: *** [cmTryCompileExec3603267855] Error 1
make[1]: Leaving directory `/home/pony/mitsuba/CMakeFiles/CMakeTmp'
make: *** [cmTryCompileExec3603267855/fast] Error 2


Determining if the Q_WS_WIN exist failed with the following output:
Change Dir: /home/pony/mitsuba/CMakeFiles/CMakeTmp

Run Build Command:/usr/bin/make "cmTryCompileExec2447982841/fast"
/usr/bin/make -f CMakeFiles/cmTryCompileExec2447982841.dir/build.make CMakeFiles/cmTryCompileExec2447982841.dir/build
make[1]: Entering directory `/home/pony/mitsuba/CMakeFiles/CMakeTmp'
/usr/bin/cmake -E cmake_progress_report /home/pony/mitsuba/CMakeFiles/CMakeTmp/CMakeFiles 1
Building CXX object CMakeFiles/cmTryCompileExec2447982841.dir/CheckSymbolExists.cxx.o
/usr/bin/c++    -fvisibility=hidden -pipe -march=nocona -ffast-math -Wall -Winvalid-pch -mfpmath=sse   -I/usr/include/qt4    -o CMakeFiles/cmTryCompileExec2447982841.dir/CheckSymbolExists.cxx.o -c /home/pony/mitsuba/CMakeFiles/CMakeTmp/CheckSymbolExists.cxx
/home/pony/mitsuba/CMakeFiles/CMakeTmp/CheckSymbolExists.cxx: In function ‘int main(int, char**)’:
/home/pony/mitsuba/CMakeFiles/CMakeTmp/CheckSymbolExists.cxx:8:19: error: ‘Q_WS_WIN’ was not declared in this scope
   return ((int*)(&Q_WS_WIN))[argc];
                   ^
make[1]: *** [CMakeFiles/cmTryCompileExec2447982841.dir/CheckSymbolExists.cxx.o] Error 1
make[1]: Leaving directory `/home/pony/mitsuba/CMakeFiles/CMakeTmp'
make: *** [cmTryCompileExec2447982841/fast] Error 2

File /home/pony/mitsuba/CMakeFiles/CMakeTmp/CheckSymbolExists.cxx:
/* */
#include <QtCore/qglobal.h>

int main(int argc, char** argv)
{
  (void)argv;
#ifndef Q_WS_WIN
  return ((int*)(&Q_WS_WIN))[argc];
#else
  (void)argc;
  return 0;
#endif
}

Determining if the Q_WS_QWS exist failed with the following output:
Change Dir: /home/pony/mitsuba/CMakeFiles/CMakeTmp

Run Build Command:/usr/bin/make "cmTryCompileExec1948105622/fast"
/usr/bin/make -f CMakeFiles/cmTryCompileExec1948105622.dir/build.make CMakeFiles/cmTryCompileExec1948105622.dir/build
make[1]: Entering directory `/home/pony/mitsuba/CMakeFiles/CMakeTmp'
/usr/bin/cmake -E cmake_progress_report /home/pony/mitsuba/CMakeFiles/CMakeTmp/CMakeFiles 1
Building CXX object CMakeFiles/cmTryCompileExec1948105622.dir/CheckSymbolExists.cxx.o
/usr/bin/c++    -fvisibility=hidden -pipe -march=nocona -ffast-math -Wall -Winvalid-pch -mfpmath=sse   -I/usr/include/qt4    -o CMakeFiles/cmTryCompileExec1948105622.dir/CheckSymbolExists.cxx.o -c /home/pony/mitsuba/CMakeFiles/CMakeTmp/CheckSymbolExists.cxx
/home/pony/mitsuba/CMakeFiles/CMakeTmp/CheckSymbolExists.cxx: In function ‘int main(int, char**)’:
/home/pony/mitsuba/CMakeFiles/CMakeTmp/CheckSymbolExists.cxx:8:19: error: ‘Q_WS_QWS’ was not declared in this scope
   return ((int*)(&Q_WS_QWS))[argc];
                   ^
make[1]: Leaving directory `/home/pony/mitsuba/CMakeFiles/CMakeTmp'
make[1]: *** [CMakeFiles/cmTryCompileExec1948105622.dir/CheckSymbolExists.cxx.o] Error 1
make: *** [cmTryCompileExec1948105622/fast] Error 2

File /home/pony/mitsuba/CMakeFiles/CMakeTmp/CheckSymbolExists.cxx:
/* */
#include <QtCore/qglobal.h>

int main(int argc, char** argv)
{
  (void)argv;
#ifndef Q_WS_QWS
  return ((int*)(&Q_WS_QWS))[argc];
#else
  (void)argc;
  return 0;
#endif
}

Determining if the Q_WS_MAC exist failed with the following output:
Change Dir: /home/pony/mitsuba/CMakeFiles/CMakeTmp

Run Build Command:/usr/bin/make "cmTryCompileExec628249943/fast"
/usr/bin/make -f CMakeFiles/cmTryCompileExec628249943.dir/build.make CMakeFiles/cmTryCompileExec628249943.dir/build
make[1]: Entering directory `/home/pony/mitsuba/CMakeFiles/CMakeTmp'
/usr/bin/cmake -E cmake_progress_report /home/pony/mitsuba/CMakeFiles/CMakeTmp/CMakeFiles 1
Building CXX object CMakeFiles/cmTryCompileExec628249943.dir/CheckSymbolExists.cxx.o
/usr/bin/c++    -fvisibility=hidden -pipe -march=nocona -ffast-math -Wall -Winvalid-pch -mfpmath=sse   -I/usr/include/qt4    -o CMakeFiles/cmTryCompileExec628249943.dir/CheckSymbolExists.cxx.o -c /home/pony/mitsuba/CMakeFiles/CMakeTmp/CheckSymbolExists.cxx
/home/pony/mitsuba/CMakeFiles/CMakeTmp/CheckSymbolExists.cxx: In function ‘int main(int, char**)’:
/home/pony/mitsuba/CMakeFiles/CMakeTmp/CheckSymbolExists.cxx:8:19: error: ‘Q_WS_MAC’ was not declared in this scope
   return ((int*)(&Q_WS_MAC))[argc];
                   ^
make[1]: *** [CMakeFiles/cmTryCompileExec628249943.dir/CheckSymbolExists.cxx.o] Error 1
make[1]: Leaving directory `/home/pony/mitsuba/CMakeFiles/CMakeTmp'
make: *** [cmTryCompileExec628249943/fast] Error 2

File /home/pony/mitsuba/CMakeFiles/CMakeTmp/CheckSymbolExists.cxx:
/* */
#include <QtCore/qglobal.h>

int main(int argc, char** argv)
{
  (void)argv;
#ifndef Q_WS_MAC
  return ((int*)(&Q_WS_MAC))[argc];
#else
  (void)argc;
  return 0;
#endif
}

